1 Creamer 1 Kg 1000 gram 42 42000 
2 Palmsugar 1 Kg 1000 gram 40 40000 
3 Gula Putih 1 Kg 1000 gram 15 15000 
4 Red Velvet 1 Kg 1000 gram 75 75000 
5 Taro 1 Kg 1000 gram 75 75000 
6 Coklat 1 Kg 1000 gram 75 75000 
7 Matcha 1 Kg 1000 gram 75 75000 
8 Green Tea 225 gram 225 gram 242.2222222 54500 
9 Thai Tea 450 gram 450 gram 126.6666667 57000 
10 Beans Arabika 1 Kg 1000 gram 190 190000 
11 Beans House Blend 50:50 1 Kg 1000 gram 140 140000 
12 Beans Filter 200 gram 200 gram 425 85000 
13 SKM Carnation 365 gram 365 gram 30.95890411 11300 
14 Cimory 1 box 950 Mililiter 18.42105263 17500 
15 Trieste Hazelnut 650 Mili 650 Mililiter 100 65000 
16 Trieste Caramel 650 Mili 650 Mililiter 100 65000 
17 Trieste blue curacao 650 Mili 650 Mililiter 136.9230769 89000 
18 Marjan Bouduin Lychee 460 Mili 460 Mililiter 47.17391304 21700 
19 Marjan Bouduin Grenadine 460 Mili 460 Mililiter 69.13043478 31800 
20 Marja Bouduin Markisa 460 Mili 460 Mililiter 61.52173913 28300 
21 Diamond Juice Cranberry 946 Mili 946 Mililiter 33.82663848 32000 
22 Diamond Juice Blueberry 954 Mili 946 Mililiter 33.82663848 32000 
23 Sunquick Orange 946 Mili 946 Mililiter 0.25 35000 
24 Paper Filter V60 100 Lembar 100 Lembar 800 80000 
25 Air 1 Galon 19000 Mililiter 1.052631579 20000 
26 Fanta Soda 250 Mili 250 Mililiter 11 2750 
